<?xml version="1.0" encoding="UTF-8"?>
<!-- Generated by org.testng.reporters.JUnitXMLReporter -->
<testsuite ignored="0" hostname="MSI" failures="2" tests="7" name="Personal loan" time="0.079" errors="0" timestamp="2022-04-23T16:32:08 IST">
  <testcase classname="test.day3" name="MobileLogincarLoan" time="0.005"/>
  <testcase classname="test.day3" name="MobilesignoutcarLoan" time="0.002"/>
  <testcase classname="test.day3" name="MobilesignoutcarLoan" time="0.001"/>
  <testcase classname="test.day3" name="MobilesignoutcarLoan" time="0.002"/>
  <testcase classname="test.day3" name="WebloginCarLoan" time="0.0">
    <failure type="org.testng.TestNGException" message="
Parameter &amp;apos;APIKey/usrname&amp;apos; is required by @Test on method WebloginCarLoan but has not been marked @Optional or defined
in C:\Users\ravik\Downloads\TestNGTutorial+(1)\TestNGTutorial\practice.xml">
      <![CDATA[org.testng.TestNGException: 
Parameter 'APIKey/usrname' is required by @Test on method WebloginCarLoan but has not been marked @Optional or defined
in C:\Users\ravik\Downloads\TestNGTutorial+(1)\TestNGTutorial\practice.xml
at java.base/java.util.ArrayList.forEach(ArrayList.java:1511)
... Removed 26 stack frames]]>
    </failure>
  </testcase> <!-- WebloginCarLoan -->
  <testcase classname="test.day3" name="MobilesignimcarLoan" time="0.001">
    <failure type="org.testng.internal.reflect.MethodMatcherException" message="
[public void test.day3.MobilesignimcarLoan()] has no parameters defined but was found to be using a data provider (either explicitly specified or inherited from class level annotation).
Data provider mismatch
Method: MobilesignimcarLoan([])
Arguments: [(java.lang.String) firstsetusername,(java.lang.String) firstpassword]">
      <![CDATA[org.testng.internal.reflect.MethodMatcherException: 
[public void test.day3.MobilesignimcarLoan()] has no parameters defined but was found to be using a data provider (either explicitly specified or inherited from class level annotation).
Data provider mismatch
Method: MobilesignimcarLoan([])
Arguments: [(java.lang.String) firstsetusername,(java.lang.String) firstpassword]
at java.base/java.util.ArrayList.forEach(ArrayList.java:1511)
... Removed 22 stack frames]]>
    </failure>
  </testcase> <!-- MobilesignimcarLoan -->
  <testcase classname="test.day3" name="APIcarLoan" time="0.0">
    <skipped/>
  </testcase> <!-- APIcarLoan -->
</testsuite> <!-- Personal loan -->
